mpicc -O0 -g -Wall -I./ -I/m100_work/PROJECTS/spack/spack-0.14/install/linux-rhel7-power9le/gcc-8.4.0/fftw-3.3.8-hwlrarpm6cvjlukhfdowwveb7g7oqwgc/include -I/u/shared/programs/x86_64/openmpi/1.8.3/gnu/4.9.2/torque/include/  -c diffusion.c
mpicc -O0 -g -Wall -I./ -I/m100_work/PROJECTS/spack/spack-0.14/install/linux-rhel7-power9le/gcc-8.4.0/fftw-3.3.8-hwlrarpm6cvjlukhfdowwveb7g7oqwgc/include -I/u/shared/programs/x86_64/openmpi/1.8.3/gnu/4.9.2/torque/include/  -c plot_data.c
mpicc -O0 -g -Wall -I./ -I/m100_work/PROJECTS/spack/spack-0.14/install/linux-rhel7-power9le/gcc-8.4.0/fftw-3.3.8-hwlrarpm6cvjlukhfdowwveb7g7oqwgc/include -I/u/shared/programs/x86_64/openmpi/1.8.3/gnu/4.9.2/torque/include/  -c fft_wrapper.c
mpicc -O0 -g -Wall -I./ -I/m100_work/PROJECTS/spack/spack-0.14/install/linux-rhel7-power9le/gcc-8.4.0/fftw-3.3.8-hwlrarpm6cvjlukhfdowwveb7g7oqwgc/include -I/u/shared/programs/x86_64/openmpi/1.8.3/gnu/4.9.2/torque/include/  -c derivative.c
mpicc diffusion.o plot_data.o fft_wrapper.o derivative.o -L/m100_work/PROJECTS/spack/spack-0.14/install/linux-rhel7-power9le/gcc-8.4.0/fftw-3.3.8-hwlrarpm6cvjlukhfdowwveb7g7oqwgc/lib -lfftw3_mpi -lfftw3 -lm		 -o diffusion.x
mpirun -np 1 diffusion.x 240 240 480 1e-3 100 
 1 0.543211043717781 1.000000000002043 Elapsed time per iteration 21.916861 
  31 846584799131213056.000000000000000 -427382.890071345143951 Elapsed time per iteration 19.738137 
  61 45464111759678579303600851485480601609717153792.000000000000000 464281966106244405149301273647906816.000000000000000 Elapsed time per iteration 19.673463 
  91 -10649990891055440875628720676887495364195654302253404566287809854847484749152256.000000000000000 -1909329523304256055859014103994011120469308923610478814284563861209088.000000000000000 Elapsed time per iteration 19.658352 
 mpirun -np 2 diffusion.x 240 240 480 1e-3 100 
 1 0.543211043716784 1.000000000000704 Elapsed time per iteration 11.633967 
  31 846584799337321216.000000000000000 1824109.037037036847323 Elapsed time per iteration 10.796024 
  61 45464540977230189543246336539848646523556462592.000000000000000 -894094250750573848546048718002978816.000000000000000 Elapsed time per iteration 10.779015 
  91 -10648672353750921526216451336767821485063226826638476772991197015994866209914880.000000000000000 2908094196972986106387393530344195689658326373540325264874057836265472.000000000000000 Elapsed time per iteration 10.770660 
 mpirun -np 5 diffusion.x 240 240 480 1e-3 100 
 1 0.543211043716816 1.000000000000455 Elapsed time per iteration 4.603857 
  31 846584799365548416.000000000000000 795255.556712962919846 Elapsed time per iteration 4.191476 
  61 45464738291274794645418016268391325718577938432.000000000000000 -1692424572151589939811739152970416128.000000000000000 Elapsed time per iteration 4.184048 
  91 -10648075762447605140296128804140701765069570978449956799926370150553183724765184.000000000000000 5046829189880589562961581768908908528216625544937595297282138157613056.000000000000000 Elapsed time per iteration 4.181596 
 mpirun -np 8 diffusion.x 240 240 480 1e-3 100 
 1 0.543211043716640 1.000000000000361 Elapsed time per iteration 2.848691 
  31 846584798839643264.000000000000000 8040082.962962962687016 Elapsed time per iteration 2.632298 
  61 45464339250708017150817870015123780414633672704.000000000000000 -1025940617779378218253344829257809920.000000000000000 Elapsed time per iteration 2.627438 
  91 -10649262959262087634343919095362951536646894128273751159309291667477230358888448.000000000000000 3833224008287467517391203439903671275341828598514299243374256513351680.000000000000000 Elapsed time per iteration 2.626318 
 mpirun -np 10 diffusion.x 240 240 480 1e-3 100 
 1 0.543211043716615 1.000000000000321 Elapsed time per iteration 2.310037 
  31 846584798749480192.000000000000000 -530123.851851851795800 Elapsed time per iteration 2.131719 
  61 45464349395271849678342646082670599549864640512.000000000000000 -1157758439194666457706968606339760128.000000000000000 Elapsed time per iteration 2.127129 
  91 -10649287302631354255687846113228973856840942573271359593995147314097141242134528.000000000000000 1907380153084398082445030695589543737652032551941373769487724841009152.000000000000000 Elapsed time per iteration 2.126179 
 rm -f *.o *.x *~
mpicc -O0 -g -Wall -I./ -I/m100_work/PROJECTS/spack/spack-0.14/install/linux-rhel7-power9le/gcc-8.4.0/fftw-3.3.8-hwlrarpm6cvjlukhfdowwveb7g7oqwgc/include -I/u/shared/programs/x86_64/openmpi/1.8.3/gnu/4.9.2/torque/include/  -DFFTW3_MPI -c diffusion.c
mpicc -O0 -g -Wall -I./ -I/m100_work/PROJECTS/spack/spack-0.14/install/linux-rhel7-power9le/gcc-8.4.0/fftw-3.3.8-hwlrarpm6cvjlukhfdowwveb7g7oqwgc/include -I/u/shared/programs/x86_64/openmpi/1.8.3/gnu/4.9.2/torque/include/  -DFFTW3_MPI -c plot_data.c
mpicc -O0 -g -Wall -I./ -I/m100_work/PROJECTS/spack/spack-0.14/install/linux-rhel7-power9le/gcc-8.4.0/fftw-3.3.8-hwlrarpm6cvjlukhfdowwveb7g7oqwgc/include -I/u/shared/programs/x86_64/openmpi/1.8.3/gnu/4.9.2/torque/include/  -DFFTW3_MPI -c fft_wrapper.c
mpicc -O0 -g -Wall -I./ -I/m100_work/PROJECTS/spack/spack-0.14/install/linux-rhel7-power9le/gcc-8.4.0/fftw-3.3.8-hwlrarpm6cvjlukhfdowwveb7g7oqwgc/include -I/u/shared/programs/x86_64/openmpi/1.8.3/gnu/4.9.2/torque/include/  -DFFTW3_MPI -c derivative.c
mpicc diffusion.o plot_data.o fft_wrapper.o derivative.o -L/m100_work/PROJECTS/spack/spack-0.14/install/linux-rhel7-power9le/gcc-8.4.0/fftw-3.3.8-hwlrarpm6cvjlukhfdowwveb7g7oqwgc/lib -lfftw3_mpi -lfftw3 -lm		 -o diffusion.x
mpirun -np 1 diffusion.x 240 240 480 1e-3 100 
 1 0.543211043717781 1.000000000002043 Elapsed time per iteration 20.564687 
  31 846584799131213056.000000000000000 -427382.890071345143951 Elapsed time per iteration 18.424104 
  61 45464111759678579303600851485480601609717153792.000000000000000 464281966106244405149301273647906816.000000000000000 Elapsed time per iteration 18.368903 
  91 -10649990891055440875628720676887495364195654302253404566287809854847484749152256.000000000000000 -1909329523304256055859014103994011120469308923610478814284563861209088.000000000000000 Elapsed time per iteration 18.345122 
 mpirun -np 2 diffusion.x 240 240 480 1e-3 100 
 1 0.543211043716784 1.000000000000704 Elapsed time per iteration 11.720971 
  31 846584799337321216.000000000000000 1824109.037037036847323 Elapsed time per iteration 10.829451 
  61 45464540977230189543246336539848646523556462592.000000000000000 -894094250750573848546048718002978816.000000000000000 Elapsed time per iteration 10.816687 
  91 -10648672353750921526216451336767821485063226826638476772991197015994866209914880.000000000000000 2908094196972986106387393530344195689658326373540325264874057836265472.000000000000000 Elapsed time per iteration 10.806036 
 mpirun -np 5 diffusion.x 240 240 480 1e-3 100 
 1 0.543211043716816 1.000000000000455 Elapsed time per iteration 4.661825 
  31 846584799365548416.000000000000000 795255.556712962919846 Elapsed time per iteration 4.348473 
  61 45464738291274794645418016268391325718577938432.000000000000000 -1692424572151589939811739152970416128.000000000000000 Elapsed time per iteration 4.340596 
  91 -10648075762447605140296128804140701765069570978449956799926370150553183724765184.000000000000000 5046829189880589562961581768908908528216625544937595297282138157613056.000000000000000 Elapsed time per iteration 4.338206 
 mpirun -np 8 diffusion.x 240 240 480 1e-3 100 
 1 0.543211043716640 1.000000000000361 Elapsed time per iteration 2.961335 
  31 846584798839643264.000000000000000 8040082.962962962687016 Elapsed time per iteration 2.726512 
  61 45464339250708017150817870015123780414633672704.000000000000000 -1025940617779378218253344829257809920.000000000000000 Elapsed time per iteration 2.719178 
  91 -10649262959262087634343919095362951536646894128273751159309291667477230358888448.000000000000000 3833224008287467517391203439903671275341828598514299243374256513351680.000000000000000 Elapsed time per iteration 2.716595 
 mpirun -np 10 diffusion.x 240 240 480 1e-3 100 
 1 0.543211043716615 1.000000000000321 Elapsed time per iteration 2.405383 
  31 846584798749480192.000000000000000 -530123.851851851795800 Elapsed time per iteration 2.230363 
  61 45464349395271849678342646082670599549864640512.000000000000000 -1157758439194666457706968606339760128.000000000000000 Elapsed time per iteration 2.227607 
  91 -10649287302631354255687846113228973856840942573271359593995147314097141242134528.000000000000000 1907380153084398082445030695589543737652032551941373769487724841009152.000000000000000 Elapsed time per iteration 2.225703 
 rm -f *.o *.x *~
mpicc -O0 -g -Wall -I./ -I/m100_work/PROJECTS/spack/spack-0.14/install/linux-rhel7-power9le/gcc-8.4.0/fftw-3.3.8-hwlrarpm6cvjlukhfdowwveb7g7oqwgc/include -I/u/shared/programs/x86_64/openmpi/1.8.3/gnu/4.9.2/torque/include/  -c diffusion.c
mpicc -O0 -g -Wall -I./ -I/m100_work/PROJECTS/spack/spack-0.14/install/linux-rhel7-power9le/gcc-8.4.0/fftw-3.3.8-hwlrarpm6cvjlukhfdowwveb7g7oqwgc/include -I/u/shared/programs/x86_64/openmpi/1.8.3/gnu/4.9.2/torque/include/  -c plot_data.c
mpicc -O0 -g -Wall -I./ -I/m100_work/PROJECTS/spack/spack-0.14/install/linux-rhel7-power9le/gcc-8.4.0/fftw-3.3.8-hwlrarpm6cvjlukhfdowwveb7g7oqwgc/include -I/u/shared/programs/x86_64/openmpi/1.8.3/gnu/4.9.2/torque/include/  -c fft_wrapper.c
mpicc -O0 -g -Wall -I./ -I/m100_work/PROJECTS/spack/spack-0.14/install/linux-rhel7-power9le/gcc-8.4.0/fftw-3.3.8-hwlrarpm6cvjlukhfdowwveb7g7oqwgc/include -I/u/shared/programs/x86_64/openmpi/1.8.3/gnu/4.9.2/torque/include/  -c derivative.c
mpicc diffusion.o plot_data.o fft_wrapper.o derivative.o -L/m100_work/PROJECTS/spack/spack-0.14/install/linux-rhel7-power9le/gcc-8.4.0/fftw-3.3.8-hwlrarpm6cvjlukhfdowwveb7g7oqwgc/lib -lfftw3_mpi -lfftw3 -lm		 -o diffusion.x
mpirun -np 1 diffusion.x 240 240 480 1e-3 1000 
 1 0.543211043717781 1.000000000002043 Elapsed time per iteration 21.887737 
  31 846584799131213056.000000000000000 -427382.890071345143951 Elapsed time per iteration 19.699747 
  61 45464111759678579303600851485480601609717153792.000000000000000 464281966106244405149301273647906816.000000000000000 Elapsed time per iteration 19.648361 
  91 -10649990891055440875628720676887495364195654302253404566287809854847484749152256.000000000000000 -1909329523304256055859014103994011120469308923610478814284563861209088.000000000000000 Elapsed time per iteration 19.638890 
  121 -33777352390485011553097342472259091779421856609030116177978371548500517741337642087415246681493576235716934893568.000000000000000 8121238779547011603148964371798914681474141881137826114356547683203421758876743625881476160367169110016.000000000000000 Elapsed time per iteration 19.632309 
  151 -104948839204645641549393211884316858574616333600960836192823722460896667057027849584692436904948089229442425844417568639150827753076026620661202944.000000000000000 -50551508350887880369384475606038395185865523178471329545723144990910779574585859670301077501878566517590939798024030097051623198157701120.000000000000000 Elapsed time per iteration 19.628774 
  181 -325718534851150297644720357957588249299533419186859999583783436634028484258713359872849531122913409863015667338681030180193352412477292727056816760078883698520034061645403031339008.000000000000000 31164366588964328138107650416558274032521411696172796305486242492339880851816487114685223906669603837786755266201084349439107447219366558611881421368721184547454477926400.000000000000000 Elapsed time per iteration 19.623406 
  211 -1010802196819233533216404972292749856530795238280343767567844371871479010997053997993786795400096758771136119104016728891806593312797016950658662547702865171639260376070098081312028216672289009320611529229772783616.000000000000000 -158273717246110493508374390966241732816262145275862539005448978834875347432669391899596941911642188334738871128713762465370611302956405996631847844264697174057225714440832119526012246799744096661531525120.000000000000000 Elapsed time per iteration 19.619685 
  241 -3136772622831456307040725374801308168277191796980098783375442471850579262520101341520439772470292307803302605421869831639447004728508339139910417455315671034570277360426015842640027848909687559000332582859248073291611900034303934970644076242665472.000000000000000 -638274703453842124698051952071266828345861850380406004494215309492044723079538660633354600312397394413015100876875056470028748148479087825516250847914775645561280591616535804120010881889345994114340148853684637308017260633772238525431808.000000000000000 Elapsed time per iteration 19.617679 
  271 -9734153740671676501289146877971485218263436898942856197805625119436295035352224470694121218549624422074834294329696684219454313314262064012507765861611000358116755132684750126811687229548263649356488647860821520768116174340521270023662042874903579447096226077420911449005166166016.000000000000000 -2427195226057607321320425931547942209082284469171582515944432214847110510721943644929463640202840914007574434371019477057334121194858272226112840836640044658997357156805894968735423863566814931915834923206773035269193927067192669797102907496720496671696604910684169306112.000000000000000 Elapsed time per iteration 19.616999 
  301              -nan              -nan Elapsed time per iteration 19.718949 
  331              -nan              -nan Elapsed time per iteration 19.842211 
  361              -nan              -nan Elapsed time per iteration 19.944604 
  391              -nan              -nan Elapsed time per iteration 20.031627 
  421              -nan              -nan Elapsed time per iteration 20.105609 
  451              -nan              -nan Elapsed time per iteration 20.170671 
  481              -nan              -nan Elapsed time per iteration 20.227047 
  511              -nan              -nan Elapsed time per iteration 20.277213 
  541              -nan              -nan Elapsed time per iteration 20.321142 
  571              -nan              -nan Elapsed time per iteration 20.360556 
  601              -nan              -nan Elapsed time per iteration 20.395732 
  631              -nan              -nan Elapsed time per iteration 20.427664 
  661              -nan              -nan Elapsed time per iteration 20.457397 
  691              -nan              -nan Elapsed time per iteration 20.485275 
  721              -nan              -nan Elapsed time per iteration 20.509935 
  751              -nan              -nan Elapsed time per iteration 20.532692 
  781              -nan              -nan Elapsed time per iteration 20.554030 
  811              -nan              -nan Elapsed time per iteration 20.573424 
  841              -nan              -nan Elapsed time per iteration 20.591838 
  871              -nan              -nan Elapsed time per iteration 20.608698 
  901              -nan              -nan Elapsed time per iteration 20.624300 
  931              -nan              -nan Elapsed time per iteration 20.639120 
  961              -nan              -nan Elapsed time per iteration 20.652814 
  991              -nan              -nan Elapsed time per iteration 20.665949 
 mpirun -np 2 diffusion.x 240 240 480 1e-3 1000 
 1 0.543211043716784 1.000000000000704 Elapsed time per iteration 11.745706 
  31 846584799337321216.000000000000000 1824109.037037036847323 Elapsed time per iteration 10.785068 
  61 45464540977230189543246336539848646523556462592.000000000000000 -894094250750573848546048718002978816.000000000000000 Elapsed time per iteration 10.790023 
  91 -10648672353750921526216451336767821485063226826638476772991197015994866209914880.000000000000000 2908094196972986106387393530344195689658326373540325264874057836265472.000000000000000 Elapsed time per iteration 10.784396 
  121 -33773279243530577595552595697610489389282484208477492069734545252628057887921906497177539757875480262482478497792.000000000000000 -4998721072901624868867779894695901247317811270662664993643387619262226841883178473974032804283244609536.000000000000000 Elapsed time per iteration 10.783267 
  151 -104936220532019940844013542563094771488510386233726579517795722760260164614179894097350038769611303751501187735213833498107785843084174067322847232.000000000000000 11504335055824443375746629657785981329554678343988392810420789941837829529358717537506277457978913589498488983083743000158485250238840832.000000000000000 Elapsed time per iteration 10.777142 
  181 -325679408631799601591299610962273021321660276588710785159085168674889546426415686273260368514790688495792489781722707532615238371316477178218815663515090686693976494470352447995904.000000000000000 -48923481118459595778799525998063779663145682281310816913515060204357972527547732366134835693480186601322822313343917291034315914687186568783780365416151786345785293012992.000000000000000 Elapsed time per iteration 10.773549 
  211 -1010680819381427788561482871998139874028428066642274166115859793311910116435362837431403424426962669889702028594740182140609859215542399088010062832663950675064911437315918127599212425684229203399418149414952239104.000000000000000 -265602582526577701145613944287499853984770533703676455260113793828704901771552537485661408532586465456864454045617538978305987777686809146537157841738574656222711012386062954250602934188465887683308158976.000000000000000 Elapsed time per iteration 10.774420 
  241 -3136395950542834141165988132418920847721326296770667678355129848996608921808183276558273195628107600153789383986260432328522772880082417946523990374564666992282024408221004007227415350782165973764240483215871561063248347577849514432075051074322432.000000000000000 -1095585538285842380905899595392177334869103812950489208269616348260212354818019958772992039622126514647438431383605549139620166172281673915699991266671870343128963954114857588177128785547519917492048005038147228663175728646531389063168.000000000000000 Elapsed time per iteration 10.768765 
  271 -9732984900063235931726346491062074078798244449524023570342881686799443169543687284647085056997724621805238892759549211181630908678476536105792550666891158434929898474080665807334604219650428214559536340192234739146088696166342746293167077675103150190513539706862370472042107502592.000000000000000 2910456894879509947308063074816647959404493823748930371149102718399565169493554502286688809289644390299014207067837695003919003823598166439105048076219466108572142214477341835872197244896928185636416255535713043343982553579595639148750387373110067246795707806526600118272.000000000000000 Elapsed time per iteration 10.761910 
  301               nan               nan Elapsed time per iteration 10.806924 
  331               nan               nan Elapsed time per iteration 10.863190 
  361               nan               nan Elapsed time per iteration 10.908873 
  391               nan               nan Elapsed time per iteration 10.949203 
  421               nan               nan Elapsed time per iteration 10.982762 
  451               nan               nan Elapsed time per iteration 11.013402 
  481               nan               nan Elapsed time per iteration 11.039883 
  511               nan               nan Elapsed time per iteration 11.063603 
  541               nan               nan Elapsed time per iteration 11.084134 
  571               nan               nan Elapsed time per iteration 11.101517 
  601               nan               nan Elapsed time per iteration 11.118084 
  631               nan               nan Elapsed time per iteration 11.133226 
  661               nan               nan Elapsed time per iteration 11.147611 
  691               nan               nan Elapsed time per iteration 11.163700 
